<?xml version="1.0" encoding="UTF-8"?>
<!-- Generated by org.testng.reporters.JUnitReportReporter -->
<testsuite hostname="DESKTOP-GFGE941" failures="0" tests="10" name="testsuite.filterProject" time="388.632" errors="0" timestamp="2023-11-29T13:39:14 JST" skipped="0">
  <testcase classname="testsuite.filterProject" name="filterCompletedProductBySelectBox" time="35.045"/>
  <testcase classname="testsuite.filterProject" name="filterLableHighPriorityProductBySelectBox" time="35.521"/>
  <testcase classname="testsuite.filterProject" name="filterOpenProductBySelectBox" time="34.883"/>
  <testcase classname="testsuite.filterProject" name="filterUpcomingProductBySelectBox" time="35.218"/>
  <testcase classname="testsuite.filterProject" name="filterCompletedProductByButton" time="35.123"/>
  <testcase classname="testsuite.filterProject" name="filterHighPriorityProductByButton" time="35.337"/>
  <testcase classname="testsuite.filterProject" name="filterOpenProductByButton" time="35.619"/>
  <testcase classname="testsuite.filterProject" name="filterUpcomingProductByButton" time="35.211"/>
  <testcase classname="testsuite.filterProject" name="filterManyConditionsProductByFilterForm" time="37.880"/>
  <testcase classname="testsuite.filterProject" name="clearFilterProductBy" time="68.795"/>
</testsuite> <!-- testsuite.filterProject -->
