<?xml version="1.0" encoding="UTF-8"?>
<!-- Generated by org.testng.reporters.JUnitReportReporter -->
<testsuite hostname="DESKTOP-GFGE941" failures="0" tests="1" name="testsuite.deleteProject" time="24.908" errors="0" timestamp="2023-11-28T22:17:15 JST" skipped="0">
  <testcase classname="testsuite.deleteProject" name="deleteProjectSuccessfully" time="24.908"/>
</testsuite> <!-- testsuite.deleteProject -->
