<?xml version="1.0" encoding="UTF-8"?>
<!-- Generated by org.testng.reporters.JUnitReportReporter -->
<testsuite hostname="DESKTOP-GFGE941" failures="0" tests="1" name="testsuite.screen" time="76.058" errors="0" timestamp="2023-11-28T22:38:20 JST" skipped="0">
  <testcase classname="testsuite.screen" name="hideClientPriceStartdate" time="76.058"/>
</testsuite> <!-- testsuite.screen -->
