<?xml version="1.0" encoding="UTF-8"?>
<!-- Generated by org.testng.reporters.JUnitReportReporter -->
<testsuite hostname="DESKTOP-GFGE941" failures="0" tests="1" name="testsuite.editProject" time="40.311" errors="0" timestamp="2023-11-28T22:25:04 JST" skipped="0">
  <testcase classname="testsuite.editProject" name="editProjectSuccessfully" time="40.311"/>
</testsuite> <!-- testsuite.editProject -->
